<?xml version="1.0" encoding="UTF-8"?><testrun name="TestCompanyProject" project="CW4" tests="10" started="10" failures="1" errors="0" ignored="0">
  <testsuite name="TestCompanyProject" time="0.0" uniqueid="[engine:junit-vintage]/[runner:TestCompanyProject]">
    <testcase name="setPTitleSmall" classname="TestCompanyProject" time="0.0" displayname="setPTitleSmall" uniqueid="[engine:junit-vintage]/[runner:TestCompanyProject]/[test:setPTitleSmall(TestCompanyProject)]"/>
    <testcase name="testIsNotContact" classname="TestCompanyProject" time="0.0" displayname="testIsNotContact" uniqueid="[engine:junit-vintage]/[runner:TestCompanyProject]/[test:testIsNotContact(TestCompanyProject)]"/>
    <testcase name="testNextPhaseOver" classname="TestCompanyProject" time="0.0" displayname="testNextPhaseOver" uniqueid="[engine:junit-vintage]/[runner:TestCompanyProject]/[test:testNextPhaseOver(TestCompanyProject)]"/>
    <testcase name="testGetPhaseID" classname="TestCompanyProject" time="0.0" displayname="testGetPhaseID" uniqueid="[engine:junit-vintage]/[runner:TestCompanyProject]/[test:testGetPhaseID(TestCompanyProject)]"/>
    <testcase name="setPTitle" classname="TestCompanyProject" time="0.0" displayname="setPTitle" uniqueid="[engine:junit-vintage]/[runner:TestCompanyProject]/[test:setPTitle(TestCompanyProject)]"/>
    <testcase name="globalIncTest" classname="TestCompanyProject" time="0.0" displayname="globalIncTest" uniqueid="[engine:junit-vintage]/[runner:TestCompanyProject]/[test:globalIncTest(TestCompanyProject)]">
      <failure>java.lang.AssertionError: expected:&lt;4&gt; but was:&lt;6&gt;
	at org.junit.Assert.fail(Assert.java:88)
	at org.junit.Assert.failNotEquals(Assert.java:834)
	at org.junit.Assert.assertEquals(Assert.java:645)
	at org.junit.Assert.assertEquals(Assert.java:631)
	at TestCompanyProject.globalIncTest(TestCompanyProject.java:34)
	at sun.reflect.NativeMethodAccessorImpl.invoke0(Native Method)
	at sun.reflect.NativeMethodAccessorImpl.invoke(NativeMethodAccessorImpl.java:62)
	at sun.reflect.DelegatingMethodAccessorImpl.invoke(DelegatingMethodAccessorImpl.java:43)
	at java.lang.reflect.Method.invoke(Method.java:498)
	at org.junit.runners.model.FrameworkMethod$1.runReflectiveCall(FrameworkMethod.java:50)
	at org.junit.internal.runners.model.ReflectiveCallable.run(ReflectiveCallable.java:12)
	at org.junit.runners.model.FrameworkMethod.invokeExplosively(FrameworkMethod.java:47)
	at org.junit.internal.runners.statements.InvokeMethod.evaluate(InvokeMethod.java:17)
	at org.junit.internal.runners.statements.RunBefores.evaluate(RunBefores.java:26)
	at org.junit.runners.ParentRunner.runLeaf(ParentRunner.java:325)
	at org.junit.runners.BlockJUnit4ClassRunner.runChild(BlockJUnit4ClassRunner.java:78)
	at org.junit.runners.BlockJUnit4ClassRunner.runChild(BlockJUnit4ClassRunner.java:57)
	at org.junit.runners.ParentRunner$3.run(ParentRunner.java:290)
	at org.junit.runners.ParentRunner$1.schedule(ParentRunner.java:71)
	at org.junit.runners.ParentRunner.runChildren(ParentRunner.java:288)
	at org.junit.runners.ParentRunner.access$000(ParentRunner.java:58)
	at org.junit.runners.ParentRunner$2.evaluate(ParentRunner.java:268)
	at org.junit.runners.ParentRunner.run(ParentRunner.java:363)
	at org.junit.runner.JUnitCore.run(JUnitCore.java:137)
	at org.junit.runner.JUnitCore.run(JUnitCore.java:115)
	at org.junit.vintage.engine.execution.RunnerExecutor.execute(RunnerExecutor.java:42)
	at java.util.stream.ForEachOps$ForEachOp$OfRef.accept(ForEachOps.java:184)
	at java.util.stream.ReferencePipeline$3$1.accept(ReferencePipeline.java:193)
	at java.util.Iterator.forEachRemaining(Iterator.java:116)
	at java.util.Spliterators$IteratorSpliterator.forEachRemaining(Spliterators.java:1801)
	at java.util.stream.AbstractPipeline.copyInto(AbstractPipeline.java:481)
	at java.util.stream.AbstractPipeline.wrapAndCopyInto(AbstractPipeline.java:471)
	at java.util.stream.ForEachOps$ForEachOp.evaluateSequential(ForEachOps.java:151)
	at java.util.stream.ForEachOps$ForEachOp$OfRef.evaluateSequential(ForEachOps.java:174)
	at java.util.stream.AbstractPipeline.evaluate(AbstractPipeline.java:234)
	at java.util.stream.ReferencePipeline.forEach(ReferencePipeline.java:418)
	at org.junit.vintage.engine.VintageTestEngine.executeAllChildren(VintageTestEngine.java:83)
	at org.junit.vintage.engine.VintageTestEngine.execute(VintageTestEngine.java:74)
	at org.junit.platform.launcher.core.DefaultLauncher.execute(DefaultLauncher.java:170)
	at org.junit.platform.launcher.core.DefaultLauncher.execute(DefaultLauncher.java:154)
	at org.junit.platform.launcher.core.DefaultLauncher.execute(DefaultLauncher.java:90)
	at org.eclipse.jdt.internal.junit5.runner.JUnit5TestReference.run(JUnit5TestReference.java:86)
	at org.eclipse.jdt.internal.junit.runner.TestExecution.run(TestExecution.java:38)
	at org.eclipse.jdt.internal.junit.runner.RemoteTestRunner.runTests(RemoteTestRunner.java:538)
	at org.eclipse.jdt.internal.junit.runner.RemoteTestRunner.runTests(RemoteTestRunner.java:760)
	at org.eclipse.jdt.internal.junit.runner.RemoteTestRunner.run(RemoteTestRunner.java:460)
	at org.eclipse.jdt.internal.junit.runner.RemoteTestRunner.main(RemoteTestRunner.java:206)

</failure>
    </testcase>
    <testcase name="testGetPhaseName" classname="TestCompanyProject" time="0.0" displayname="testGetPhaseName" uniqueid="[engine:junit-vintage]/[runner:TestCompanyProject]/[test:testGetPhaseName(TestCompanyProject)]"/>
    <testcase name="testPTitle" classname="TestCompanyProject" time="0.0" displayname="testPTitle" uniqueid="[engine:junit-vintage]/[runner:TestCompanyProject]/[test:testPTitle(TestCompanyProject)]"/>
    <testcase name="testNextPhase" classname="TestCompanyProject" time="0.0" displayname="testNextPhase" uniqueid="[engine:junit-vintage]/[runner:TestCompanyProject]/[test:testNextPhase(TestCompanyProject)]"/>
    <testcase name="testAddContact" classname="TestCompanyProject" time="0.0" displayname="testAddContact" uniqueid="[engine:junit-vintage]/[runner:TestCompanyProject]/[test:testAddContact(TestCompanyProject)]"/>
  </testsuite>
</testrun>
